<?xml version="1.0" encoding="UTF-8"?>
<testsuite name="com.mycompany.mongomariadb1.MongomariadbTest" time="2.255" tests="4" errors="0" skipped="0" failures="2">
  <properties>
[...]
</properties>
  <testcase name="testAppSaying" classname="com.mycompany.mongomariadb1.MongomariadbTest" time="1.184"/>
  <testcase name="testAppSaying2" classname="com.mycompany.mongomariadb1.MongomariadbTest" time="0.122"/>
  <testcase name="testMysqlJDBC" classname="com.mycompany.mongomariadb1.MongomariadbTest" time="0.811">
    <failure message="&#10; Database: test&#10;Collection: col3&#10;Query: SELECT * from col3&#10; expected:&lt;blue[]&gt; but was:&lt;blue[1]&gt;" type="org.junit.ComparisonFailure"><![CDATA[org.junit.ComparisonFailure: 
 Database: test
Collection: col3
Query: SELECT * from col3
 expected:<blue[]> but was:<blue[1]>
	at org.junit.Assert.assertEquals(Assert.java:125)
	at com.mycompany.mongomariadb1.MongomariadbTest.testMysqlJDBC(MongomariadbTest.java:148)
]]></failure>
    <system-out><![CDATA[Collection created successfully
Connecting to database...
Creating statement...
com.mysql.jdbc.JDBC4ResultSet
ID: 1, a: 1,b: redID: 2, a: 2,b: green]]></system-out>
    <system-err><![CDATA[Aug 08, 2015 3:02:37 PM com.mongodb.diagnostics.logging.JULLogger log
INFO: Cluster created with settings {hosts=[localhost:27017], mode=SINGLE, requiredClusterType=UNKNOWN, serverSelectionTimeout='30000 ms', maxWaitQueueSize=500}
Aug 08, 2015 3:02:37 PM com.mongodb.diagnostics.logging.JULLogger log
INFO: No server chosen by PrimaryServerSelector from cluster description ClusterDescription{type=UNKNOWN, connectionMode=SINGLE, all=[ServerDescription{address=localhost:27017, type=UNKNOWN, state=CONNECTING}]}. Waiting for 30000 ms before timing out
Aug 08, 2015 3:02:37 PM com.mongodb.diagnostics.logging.JULLogger log
INFO: Opened connection [connectionId{localValue:5, serverValue:29}] to localhost:27017
Aug 08, 2015 3:02:37 PM com.mongodb.diagnostics.logging.JULLogger log
INFO: Monitor thread successfully connected to server with description ServerDescription{address=localhost:27017, type=STANDALONE, state=CONNECTED, ok=true, version=ServerVersion{versionList=[3, 0, 5]}, minWireVersion=0, maxWireVersion=3, electionId=null, maxDocumentSize=16777216, roundTripTimeNanos=3244600}
Aug 08, 2015 3:02:37 PM com.mongodb.diagnostics.logging.JULLogger log
INFO: Opened connection [connectionId{localValue:6, serverValue:30}] to localhost:27017
]]></system-err>
  </testcase>
  <testcase name="testMariaDbDriver" classname="com.mycompany.mongomariadb1.MongomariadbTest" time="0.138">
    <failure message="&#10; Database: test&#10;Collection: col3&#10;Query: SELECT * from col3&#10; expected:&lt;blue[]&gt; but was:&lt;blue[1]&gt;" type="org.junit.ComparisonFailure"><![CDATA[org.junit.ComparisonFailure: 
 Database: test
Collection: col3
Query: SELECT * from col3
 expected:<blue[]> but was:<blue[1]>
	at org.junit.Assert.assertEquals(Assert.java:125)
	at com.mycompany.mongomariadb1.MongomariadbTest.testMariaDbDriver(MongomariadbTest.java:208)
]]></failure>
    <system-out><![CDATA[Collection created successfully
Connecting to database...
Creating statement...
com.mysql.jdbc.JDBC4ResultSet
ID: 1, a: 1,b: redID: 2, a: 2,b: green]]></system-out>
    <system-err><![CDATA[Aug 08, 2015 3:02:38 PM com.mongodb.diagnostics.logging.JULLogger log
INFO: Cluster created with settings {hosts=[localhost:27017], mode=SINGLE, requiredClusterType=UNKNOWN, serverSelectionTimeout='30000 ms', maxWaitQueueSize=500}
Aug 08, 2015 3:02:38 PM com.mongodb.diagnostics.logging.JULLogger log
INFO: No server chosen by PrimaryServerSelector from cluster description ClusterDescription{type=UNKNOWN, connectionMode=SINGLE, all=[ServerDescription{address=localhost:27017, type=UNKNOWN, state=CONNECTING}]}. Waiting for 30000 ms before timing out
Aug 08, 2015 3:02:38 PM com.mongodb.diagnostics.logging.JULLogger log
INFO: Opened connection [connectionId{localValue:7, serverValue:31}] to localhost:27017
Aug 08, 2015 3:02:38 PM com.mongodb.diagnostics.logging.JULLogger log
INFO: Monitor thread successfully connected to server with description ServerDescription{address=localhost:27017, type=STANDALONE, state=CONNECTED, ok=true, version=ServerVersion{versionList=[3, 0, 5]}, minWireVersion=0, maxWireVersion=3, electionId=null, maxDocumentSize=16777216, roundTripTimeNanos=494524}
Aug 08, 2015 3:02:38 PM com.mongodb.diagnostics.logging.JULLogger log
INFO: Opened connection [connectionId{localValue:8, serverValue:32}] to localhost:27017
]]></system-err>
  </testcase>
</testsuite>